<?xml version="1.0" encoding="UTF-8"?>
<coverage generated="1775666793789" clover="3.2.0">
  <project timestamp="1775666793789" name="All files">
    <metrics statements="112" coveredstatements="111" conditionals="81" coveredconditionals="76" methods="48" coveredmethods="48" elements="241" coveredelements="235" complexity="0" loc="112" ncloc="112" packages="5" files="9" classes="9"/>
    <package name="src">
      <metrics statements="5" coveredstatements="4" conditionals="0" coveredconditionals="0" methods="4" coveredmethods="4"/>
      <file name="App.tsx" path="/Users/967506/personalWorkspace/range-plus/src/App.tsx">
        <metrics statements="4" coveredstatements="4" conditionals="0" coveredconditionals="0" methods="4" coveredmethods="4"/>
        <line num="7" count="5" type="stmt"/>
        <line num="9" count="5" type="stmt"/>
        <line num="10" count="1" type="stmt"/>
        <line num="13" count="5" type="stmt"/>
      </file>
      <file name="main.tsx" path="/Users/967506/personalWorkspace/range-plus/src/main.tsx">
        <metrics statements="1" coveredstatements="0" conditionals="0" coveredconditionals="0" methods="0" coveredmethods="0"/>
        <line num="6" count="0" type="stmt"/>
      </file>
    </package>
    <package name="src.components">
      <metrics statements="63" coveredstatements="63" conditionals="50" coveredconditionals="45" methods="36" coveredmethods="36"/>
      <file name="HoleView.tsx" path="/Users/967506/personalWorkspace/range-plus/src/components/HoleView.tsx">
        <metrics statements="63" coveredstatements="63" conditionals="50" coveredconditionals="45" methods="36" coveredmethods="36"/>
        <line num="16" count="12908" type="stmt"/>
        <line num="20" count="15" type="cond" truecount="1" falsecount="1"/>
        <line num="21" count="15" type="stmt"/>
        <line num="22" count="15" type="cond" truecount="1" falsecount="1"/>
        <line num="23" count="15" type="cond" truecount="2" falsecount="0"/>
        <line num="24" count="10" type="cond" truecount="2" falsecount="0"/>
        <line num="25" count="2" type="cond" truecount="2" falsecount="0"/>
        <line num="26" count="1" type="stmt"/>
        <line num="31" count="3264" type="stmt"/>
        <line num="32" count="3264" type="stmt"/>
        <line num="38" count="136" type="stmt"/>
        <line num="111" count="136" type="cond" truecount="2" falsecount="0"/>
        <line num="112" count="3" type="stmt"/>
        <line num="116" count="24" type="stmt"/>
        <line num="127" count="133" type="stmt"/>
        <line num="131" count="1064" type="stmt"/>
        <line num="144" count="136" type="stmt"/>
        <line num="172" count="136" type="stmt"/>
        <line num="175" count="393" type="stmt"/>
        <line num="178" count="1196" type="stmt"/>
        <line num="179" count="1196" type="stmt"/>
        <line num="180" count="133" type="stmt"/>
        <line num="188" count="798" type="stmt"/>
        <line num="195" count="136" type="stmt"/>
        <line num="212" count="136" type="stmt"/>
        <line num="215" count="3990" type="cond" truecount="2" falsecount="0"/>
        <line num="216" count="3990" type="stmt"/>
        <line num="224" count="9" type="stmt"/>
        <line num="227" count="6" type="stmt"/>
        <line num="234" count="136" type="stmt"/>
        <line num="244" count="136" type="stmt"/>
        <line num="269" count="136" type="cond" truecount="5" falsecount="0"/>
        <line num="270" count="46" type="stmt"/>
        <line num="293" count="136" type="cond" truecount="4" falsecount="0"/>
        <line num="294" count="15" type="stmt"/>
        <line num="298" count="43" type="stmt"/>
        <line num="301" count="58" type="cond" truecount="6" falsecount="0"/>
        <line num="308" count="136" type="stmt"/>
        <line num="325" count="136" type="cond" truecount="4" falsecount="0"/>
        <line num="326" count="46" type="stmt"/>
        <line num="335" count="136" type="stmt"/>
        <line num="357" count="136" type="cond" truecount="2" falsecount="0"/>
        <line num="358" count="15" type="stmt"/>
        <line num="370" count="121" type="stmt"/>
        <line num="391" count="136" type="stmt"/>
        <line num="392" count="136" type="stmt"/>
        <line num="394" count="136" type="stmt"/>
        <line num="395" count="136" type="cond" truecount="2" falsecount="0"/>
        <line num="399" count="136" type="stmt"/>
        <line num="400" count="46" type="stmt"/>
        <line num="401" count="46" type="cond" truecount="1" falsecount="1"/>
        <line num="402" count="46" type="stmt"/>
        <line num="403" count="46" type="stmt"/>
        <line num="409" count="136" type="stmt"/>
        <line num="410" count="47" type="cond" truecount="2" falsecount="0"/>
        <line num="411" count="46" type="stmt"/>
        <line num="412" count="46" type="cond" truecount="1" falsecount="1"/>
        <line num="415" count="136" type="stmt"/>
        <line num="416" count="38" type="stmt"/>
        <line num="417" count="38" type="cond" truecount="1" falsecount="1"/>
        <line num="418" count="38" type="stmt"/>
        <line num="419" count="38" type="stmt"/>
        <line num="422" count="136" type="stmt"/>
      </file>
    </package>
    <package name="src.data">
      <metrics statements="3" coveredstatements="3" conditionals="5" coveredconditionals="5" methods="2" coveredmethods="2"/>
      <file name="holeSelection.ts" path="/Users/967506/personalWorkspace/range-plus/src/data/holeSelection.ts">
        <metrics statements="3" coveredstatements="3" conditionals="5" coveredconditionals="5" methods="2" coveredmethods="2"/>
        <line num="8" count="379" type="cond" truecount="2" falsecount="0"/>
        <line num="9" count="77" type="cond" truecount="2" falsecount="0"/>
        <line num="10" count="77" type="stmt"/>
      </file>
      <file name="holes.ts" path="/Users/967506/personalWorkspace/range-plus/src/data/holes.ts">
        <metrics statements="0" coveredstatements="0" conditionals="0" coveredconditionals="0" methods="0" coveredmethods="0"/>
      </file>
    </package>
    <package name="src.data.courses">
      <metrics statements="2" coveredstatements="2" conditionals="0" coveredconditionals="0" methods="1" coveredmethods="1"/>
      <file name="index.ts" path="/Users/967506/personalWorkspace/range-plus/src/data/courses/index.ts">
        <metrics statements="2" coveredstatements="2" conditionals="0" coveredconditionals="0" methods="1" coveredmethods="1"/>
        <line num="6" count="3" type="stmt"/>
        <line num="8" count="3" type="stmt"/>
      </file>
    </package>
    <package name="src.domain">
      <metrics statements="39" coveredstatements="39" conditionals="26" coveredconditionals="26" methods="5" coveredmethods="5"/>
      <file name="constants.ts" path="/Users/967506/personalWorkspace/range-plus/src/domain/constants.ts">
        <metrics statements="6" coveredstatements="6" conditionals="0" coveredconditionals="0" methods="0" coveredmethods="0"/>
        <line num="2" count="4" type="stmt"/>
        <line num="5" count="4" type="stmt"/>
        <line num="8" count="4" type="stmt"/>
        <line num="11" count="4" type="stmt"/>
        <line num="14" count="4" type="stmt"/>
        <line num="17" count="4" type="stmt"/>
      </file>
      <file name="game.ts" path="/Users/967506/personalWorkspace/range-plus/src/domain/game.ts">
        <metrics statements="33" coveredstatements="33" conditionals="26" coveredconditionals="26" methods="5" coveredmethods="5"/>
        <line num="10" count="190" type="stmt"/>
        <line num="11" count="190" type="stmt"/>
        <line num="15" count="190" type="cond" truecount="2" falsecount="0"/>
        <line num="16" count="189" type="stmt"/>
        <line num="17" count="189" type="stmt"/>
        <line num="21" count="376" type="stmt"/>
        <line num="22" count="376" type="stmt"/>
        <line num="23" count="376" type="stmt"/>
        <line num="24" count="6458" type="stmt"/>
        <line num="25" count="6458" type="stmt"/>
        <line num="27" count="6458" type="cond" truecount="2" falsecount="0"/>
        <line num="29" count="6458" type="cond" truecount="2" falsecount="0"/>
        <line num="31" count="376" type="stmt"/>
        <line num="35" count="23" type="cond" truecount="2" falsecount="0"/>
        <line num="36" count="22" type="stmt"/>
        <line num="37" count="22" type="cond" truecount="2" falsecount="0"/>
        <line num="38" count="21" type="cond" truecount="2" falsecount="0"/>
        <line num="39" count="15" type="cond" truecount="2" falsecount="0"/>
        <line num="40" count="6" type="cond" truecount="2" falsecount="0"/>
        <line num="41" count="4" type="cond" truecount="2" falsecount="0"/>
        <line num="42" count="2" type="cond" truecount="2" falsecount="0"/>
        <line num="43" count="1" type="stmt"/>
        <line num="47" count="74" type="stmt"/>
        <line num="48" count="74" type="stmt"/>
        <line num="49" count="74" type="stmt"/>
        <line num="61" count="59" type="cond" truecount="2" falsecount="0"/>
        <line num="63" count="58" type="stmt"/>
        <line num="65" count="58" type="cond" truecount="2" falsecount="0"/>
        <line num="66" count="22" type="stmt"/>
        <line num="77" count="36" type="stmt"/>
        <line num="78" count="27" type="cond" truecount="2" falsecount="0"/>
        <line num="79" count="4" type="stmt"/>
        <line num="89" count="32" type="stmt"/>
      </file>
      <file name="types.ts" path="/Users/967506/personalWorkspace/range-plus/src/domain/types.ts">
        <metrics statements="0" coveredstatements="0" conditionals="0" coveredconditionals="0" methods="0" coveredmethods="0"/>
      </file>
    </package>
  </project>
</coverage>
