{"/Users/967506/personalWorkspace/range-plus/src/App.tsx": {"path":"/Users/967506/personalWorkspace/range-plus/src/App.tsx","statementMap":{"0":{"start":{"line":7,"column":15},"end":{"line":7,"column":73}},"1":{"start":{"line":7,"column":26},"end":{"line":7,"column":72}},"2":{"start":{"line":9,"column":8},"end":{"line":11,"column":8}},"3":{"start":{"line":10,"column":4},"end":{"line":10,"column":null}},"4":{"start":{"line":10,"column":13},"end":{"line":10,"column":41}},"5":{"start":{"line":13,"column":2},"end":{"line":22,"column":null}}},"fnMap":{"0":{"name":"App","decl":{"start":{"line":6,"column":9},"end":{"line":6,"column":15}},"loc":{"start":{"line":6,"column":15},"end":{"line":22,"column":null}},"line":6},"1":{"name":"(anonymous_1)","decl":{"start":{"line":7,"column":26},"end":{"line":7,"column":57}},"loc":{"start":{"line":7,"column":26},"end":{"line":7,"column":72}},"line":7},"2":{"name":"(anonymous_2)","decl":{"start":{"line":9,"column":24},"end":{"line":9,"column":42}},"loc":{"start":{"line":9,"column":42},"end":{"line":11,"column":7}},"line":9},"3":{"name":"(anonymous_3)","decl":{"start":{"line":10,"column":4},"end":{"line":10,"column":13}},"loc":{"start":{"line":10,"column":13},"end":{"line":10,"column":41}},"line":10}},"branchMap":{},"s":{"0":5,"1":4,"2":5,"3":1,"4":1,"5":5},"f":{"0":5,"1":4,"2":1,"3":1},"b":{},"meta":{"lastBranch":0,"lastFunction":4,"lastStatement":6,"seen":{"f:6:9:6:15":0,"s:7:15:7:73":0,"f:7:26:7:57":1,"s:7:26:7:72":1,"s:9:8:11:8":2,"f:9:24:9:42":2,"s:10:4:10:Infinity":3,"f:10:4:10:13":3,"s:10:13:10:41":4,"s:13:2:22:Infinity":5}}}
,"/Users/967506/personalWorkspace/range-plus/src/main.tsx": {"path":"/Users/967506/personalWorkspace/range-plus/src/main.tsx","statementMap":{"0":{"start":{"line":6,"column":0},"end":{"line":10,"column":null}}},"fnMap":{},"branchMap":{},"s":{"0":0},"f":{},"b":{},"meta":{"lastBranch":0,"lastFunction":0,"lastStatement":1,"seen":{"s:6:0:10:Infinity":0}}}
,"/Users/967506/personalWorkspace/range-plus/src/components/HoleView.tsx": {"path":"/Users/967506/personalWorkspace/range-plus/src/components/HoleView.tsx","statementMap":{"0":{"start":{"line":16,"column":2},"end":{"line":16,"column":null}},"1":{"start":{"line":16,"column":27},"end":{"line":16,"column":43}},"2":{"start":{"line":20,"column":2},"end":{"line":20,"column":null}},"3":{"start":{"line":20,"column":21},"end":{"line":20,"column":null}},"4":{"start":{"line":21,"column":15},"end":{"line":21,"column":null}},"5":{"start":{"line":22,"column":2},"end":{"line":22,"column":null}},"6":{"start":{"line":22,"column":18},"end":{"line":22,"column":null}},"7":{"start":{"line":23,"column":2},"end":{"line":23,"column":null}},"8":{"start":{"line":23,"column":19},"end":{"line":23,"column":null}},"9":{"start":{"line":24,"column":2},"end":{"line":24,"column":null}},"10":{"start":{"line":24,"column":18},"end":{"line":24,"column":null}},"11":{"start":{"line":25,"column":2},"end":{"line":25,"column":null}},"12":{"start":{"line":25,"column":18},"end":{"line":25,"column":null}},"13":{"start":{"line":26,"column":2},"end":{"line":26,"column":null}},"14":{"start":{"line":31,"column":12},"end":{"line":31,"column":null}},"15":{"start":{"line":32,"column":2},"end":{"line":32,"column":null}},"16":{"start":{"line":38,"column":2},"end":{"line":104,"column":null}},"17":{"start":{"line":111,"column":2},"end":{"line":124,"column":null}},"18":{"start":{"line":112,"column":4},"end":{"line":124,"column":null}},"19":{"start":{"line":116,"column":10},"end":{"line":122,"column":null}},"20":{"start":{"line":127,"column":2},"end":{"line":139,"column":null}},"21":{"start":{"line":131,"column":8},"end":{"line":137,"column":null}},"22":{"start":{"line":144,"column":2},"end":{"line":159,"column":null}},"23":{"start":{"line":172,"column":2},"end":{"line":190,"column":null}},"24":{"start":{"line":175,"column":8},"end":{"line":175,"column":null}},"25":{"start":{"line":178,"column":19},"end":{"line":178,"column":null}},"26":{"start":{"line":178,"column":59},"end":{"line":178,"column":68}},"27":{"start":{"line":179,"column":19},"end":{"line":179,"column":null}},"28":{"start":{"line":179,"column":59},"end":{"line":179,"column":68}},"29":{"start":{"line":180,"column":8},"end":{"line":184,"column":null}},"30":{"start":{"line":188,"column":8},"end":{"line":188,"column":null}},"31":{"start":{"line":195,"column":2},"end":{"line":199,"column":null}},"32":{"start":{"line":212,"column":2},"end":{"line":229,"column":null}},"33":{"start":{"line":215,"column":21},"end":{"line":215,"column":null}},"34":{"start":{"line":216,"column":8},"end":{"line":220,"column":null}},"35":{"start":{"line":224,"column":8},"end":{"line":224,"column":null}},"36":{"start":{"line":227,"column":8},"end":{"line":227,"column":null}},"37":{"start":{"line":234,"column":2},"end":{"line":239,"column":null}},"38":{"start":{"line":244,"column":2},"end":{"line":254,"column":null}},"39":{"start":{"line":269,"column":2},"end":{"line":269,"column":null}},"40":{"start":{"line":269,"column":68},"end":{"line":269,"column":null}},"41":{"start":{"line":270,"column":2},"end":{"line":279,"column":null}},"42":{"start":{"line":293,"column":2},"end":{"line":293,"column":null}},"43":{"start":{"line":293,"column":46},"end":{"line":293,"column":null}},"44":{"start":{"line":294,"column":2},"end":{"line":303,"column":null}},"45":{"start":{"line":298,"column":8},"end":{"line":298,"column":null}},"46":{"start":{"line":301,"column":8},"end":{"line":301,"column":null}},"47":{"start":{"line":308,"column":2},"end":{"line":312,"column":null}},"48":{"start":{"line":325,"column":2},"end":{"line":325,"column":null}},"49":{"start":{"line":325,"column":35},"end":{"line":325,"column":null}},"50":{"start":{"line":326,"column":2},"end":{"line":329,"column":null}},"51":{"start":{"line":335,"column":2},"end":{"line":337,"column":null}},"52":{"start":{"line":357,"column":2},"end":{"line":365,"column":null}},"53":{"start":{"line":358,"column":4},"end":{"line":365,"column":null}},"54":{"start":{"line":370,"column":2},"end":{"line":384,"column":null}},"55":{"start":{"line":391,"column":20},"end":{"line":391,"column":73}},"56":{"start":{"line":391,"column":36},"end":{"line":391,"column":72}},"57":{"start":{"line":392,"column":23},"end":{"line":392,"column":70}},"58":{"start":{"line":394,"column":8},"end":{"line":394,"column":105}},"59":{"start":{"line":395,"column":31},"end":{"line":397,"column":null}},"60":{"start":{"line":399,"column":8},"end":{"line":407,"column":8}},"61":{"start":{"line":400,"column":16},"end":{"line":400,"column":null}},"62":{"start":{"line":401,"column":4},"end":{"line":401,"column":null}},"63":{"start":{"line":401,"column":14},"end":{"line":401,"column":null}},"64":{"start":{"line":402,"column":17},"end":{"line":402,"column":44}},"65":{"start":{"line":403,"column":4},"end":{"line":406,"column":null}},"66":{"start":{"line":409,"column":8},"end":{"line":413,"column":48}},"67":{"start":{"line":410,"column":4},"end":{"line":410,"column":null}},"68":{"start":{"line":410,"column":30},"end":{"line":410,"column":null}},"69":{"start":{"line":411,"column":19},"end":{"line":411,"column":40}},"70":{"start":{"line":412,"column":4},"end":{"line":412,"column":null}},"71":{"start":{"line":412,"column":16},"end":{"line":412,"column":null}},"72":{"start":{"line":415,"column":8},"end":{"line":420,"column":20}},"73":{"start":{"line":416,"column":4},"end":{"line":416,"column":null}},"74":{"start":{"line":417,"column":4},"end":{"line":417,"column":null}},"75":{"start":{"line":417,"column":23},"end":{"line":417,"column":null}},"76":{"start":{"line":418,"column":4},"end":{"line":418,"column":null}},"77":{"start":{"line":418,"column":18},"end":{"line":418,"column":56}},"78":{"start":{"line":419,"column":4},"end":{"line":419,"column":null}},"79":{"start":{"line":422,"column":2},"end":{"line":440,"column":null}}},"fnMap":{"0":{"name":"polygonToSvgPoints","decl":{"start":{"line":15,"column":9},"end":{"line":15,"column":28}},"loc":{"start":{"line":15,"column":53},"end":{"line":16,"column":null}},"line":15},"1":{"name":"(anonymous_1)","decl":{"start":{"line":16,"column":16},"end":{"line":16,"column":21}},"loc":{"start":{"line":16,"column":27},"end":{"line":16,"column":43}},"line":16},"2":{"name":"getScoreCssClass","decl":{"start":{"line":19,"column":9},"end":{"line":19,"column":26}},"loc":{"start":{"line":19,"column":64},"end":{"line":26,"column":null}},"line":19},"3":{"name":"seededRandom","decl":{"start":{"line":30,"column":9},"end":{"line":30,"column":22}},"loc":{"start":{"line":30,"column":44},"end":{"line":32,"column":null}},"line":30},"4":{"name":"CourseDefs","decl":{"start":{"line":37,"column":9},"end":{"line":37,"column":22}},"loc":{"start":{"line":37,"column":22},"end":{"line":104,"column":null}},"line":37},"5":{"name":"RoughLayer","decl":{"start":{"line":110,"column":9},"end":{"line":110,"column":20}},"loc":{"start":{"line":110,"column":74},"end":{"line":139,"column":null}},"line":110},"6":{"name":"(anonymous_6)","decl":{"start":{"line":115,"column":34},"end":{"line":115,"column":38}},"loc":{"start":{"line":116,"column":10},"end":{"line":122,"column":null}},"line":116},"7":{"name":"(anonymous_7)","decl":{"start":{"line":130,"column":32},"end":{"line":130,"column":36}},"loc":{"start":{"line":131,"column":8},"end":{"line":137,"column":null}},"line":131},"8":{"name":"FairwayLayer","decl":{"start":{"line":143,"column":9},"end":{"line":143,"column":22}},"loc":{"start":{"line":143,"column":73},"end":{"line":159,"column":null}},"line":143},"9":{"name":"HazardsLayer","decl":{"start":{"line":163,"column":9},"end":{"line":163,"column":22}},"loc":{"start":{"line":171,"column":3},"end":{"line":190,"column":null}},"line":171},"10":{"name":"(anonymous_10)","decl":{"start":{"line":174,"column":15},"end":{"line":174,"column":20}},"loc":{"start":{"line":175,"column":8},"end":{"line":175,"column":null}},"line":175},"11":{"name":"(anonymous_11)","decl":{"start":{"line":177,"column":20},"end":{"line":177,"column":25}},"loc":{"start":{"line":177,"column":39},"end":{"line":186,"column":null}},"line":177},"12":{"name":"(anonymous_12)","decl":{"start":{"line":178,"column":42},"end":{"line":178,"column":50}},"loc":{"start":{"line":178,"column":59},"end":{"line":178,"column":68}},"line":178},"13":{"name":"(anonymous_13)","decl":{"start":{"line":179,"column":42},"end":{"line":179,"column":50}},"loc":{"start":{"line":179,"column":59},"end":{"line":179,"column":68}},"line":179},"14":{"name":"(anonymous_14)","decl":{"start":{"line":187,"column":14},"end":{"line":187,"column":19}},"loc":{"start":{"line":188,"column":8},"end":{"line":188,"column":null}},"line":188},"15":{"name":"GreenLayer","decl":{"start":{"line":194,"column":9},"end":{"line":194,"column":20}},"loc":{"start":{"line":194,"column":67},"end":{"line":199,"column":null}},"line":194},"16":{"name":"FeaturesLayer","decl":{"start":{"line":203,"column":9},"end":{"line":203,"column":23}},"loc":{"start":{"line":211,"column":3},"end":{"line":229,"column":null}},"line":211},"17":{"name":"(anonymous_17)","decl":{"start":{"line":214,"column":13},"end":{"line":214,"column":18}},"loc":{"start":{"line":214,"column":30},"end":{"line":222,"column":null}},"line":214},"18":{"name":"(anonymous_18)","decl":{"start":{"line":223,"column":13},"end":{"line":223,"column":18}},"loc":{"start":{"line":224,"column":8},"end":{"line":224,"column":null}},"line":224},"19":{"name":"(anonymous_19)","decl":{"start":{"line":226,"column":16},"end":{"line":226,"column":21}},"loc":{"start":{"line":227,"column":8},"end":{"line":227,"column":null}},"line":227},"20":{"name":"TeeBoxLayer","decl":{"start":{"line":233,"column":9},"end":{"line":233,"column":21}},"loc":{"start":{"line":233,"column":62},"end":{"line":239,"column":null}},"line":233},"21":{"name":"PinLayer","decl":{"start":{"line":243,"column":9},"end":{"line":243,"column":18}},"loc":{"start":{"line":243,"column":59},"end":{"line":254,"column":null}},"line":243},"22":{"name":"ShotPreviewLayer","decl":{"start":{"line":258,"column":9},"end":{"line":258,"column":26}},"loc":{"start":{"line":268,"column":3},"end":{"line":279,"column":null}},"line":268},"23":{"name":"ShotTracerLayer","decl":{"start":{"line":284,"column":9},"end":{"line":284,"column":25}},"loc":{"start":{"line":292,"column":3},"end":{"line":303,"column":null}},"line":292},"24":{"name":"(anonymous_24)","decl":{"start":{"line":297,"column":32},"end":{"line":297,"column":37}},"loc":{"start":{"line":298,"column":8},"end":{"line":298,"column":null}},"line":298},"25":{"name":"(anonymous_25)","decl":{"start":{"line":300,"column":19},"end":{"line":300,"column":24}},"loc":{"start":{"line":301,"column":8},"end":{"line":301,"column":null}},"line":301},"26":{"name":"BallLayer","decl":{"start":{"line":307,"column":9},"end":{"line":307,"column":19}},"loc":{"start":{"line":307,"column":62},"end":{"line":312,"column":null}},"line":307},"27":{"name":"ConfirmButtonLayer","decl":{"start":{"line":316,"column":9},"end":{"line":316,"column":28}},"loc":{"start":{"line":324,"column":3},"end":{"line":329,"column":null}},"line":324},"28":{"name":"HoleInfoLabel","decl":{"start":{"line":334,"column":9},"end":{"line":334,"column":23}},"loc":{"start":{"line":334,"column":103},"end":{"line":337,"column":null}},"line":334},"29":{"name":"GameHUD","decl":{"start":{"line":344,"column":9},"end":{"line":344,"column":17}},"loc":{"start":{"line":356,"column":3},"end":{"line":384,"column":null}},"line":356},"30":{"name":"HoleView","decl":{"start":{"line":390,"column":16},"end":{"line":390,"column":25}},"loc":{"start":{"line":390,"column":50},"end":{"line":440,"column":null}},"line":390},"31":{"name":"(anonymous_31)","decl":{"start":{"line":391,"column":36},"end":{"line":391,"column":51}},"loc":{"start":{"line":391,"column":36},"end":{"line":391,"column":72}},"line":391},"32":{"name":"(anonymous_32)","decl":{"start":{"line":399,"column":29},"end":{"line":399,"column":42}},"loc":{"start":{"line":399,"column":95},"end":{"line":407,"column":7}},"line":399},"33":{"name":"(anonymous_33)","decl":{"start":{"line":409,"column":22},"end":{"line":409,"column":35}},"loc":{"start":{"line":409,"column":74},"end":{"line":413,"column":6}},"line":409},"34":{"name":"(anonymous_34)","decl":{"start":{"line":415,"column":28},"end":{"line":415,"column":41}},"loc":{"start":{"line":415,"column":65},"end":{"line":420,"column":6}},"line":415},"35":{"name":"(anonymous_35)","decl":{"start":{"line":418,"column":4},"end":{"line":418,"column":18}},"loc":{"start":{"line":418,"column":18},"end":{"line":418,"column":56}},"line":418}},"branchMap":{"0":{"loc":{"start":{"line":20,"column":2},"end":{"line":20,"column":null}},"type":"if","locations":[{"start":{"line":20,"column":2},"end":{"line":20,"column":null}},{"start":{},"end":{}}],"line":20},"1":{"loc":{"start":{"line":22,"column":2},"end":{"line":22,"column":null}},"type":"if","locations":[{"start":{"line":22,"column":2},"end":{"line":22,"column":null}},{"start":{},"end":{}}],"line":22},"2":{"loc":{"start":{"line":23,"column":2},"end":{"line":23,"column":null}},"type":"if","locations":[{"start":{"line":23,"column":2},"end":{"line":23,"column":null}},{"start":{},"end":{}}],"line":23},"3":{"loc":{"start":{"line":24,"column":2},"end":{"line":24,"column":null}},"type":"if","locations":[{"start":{"line":24,"column":2},"end":{"line":24,"column":null}},{"start":{},"end":{}}],"line":24},"4":{"loc":{"start":{"line":25,"column":2},"end":{"line":25,"column":null}},"type":"if","locations":[{"start":{"line":25,"column":2},"end":{"line":25,"column":null}},{"start":{},"end":{}}],"line":25},"5":{"loc":{"start":{"line":111,"column":2},"end":{"line":124,"column":null}},"type":"if","locations":[{"start":{"line":111,"column":2},"end":{"line":124,"column":null}},{"start":{},"end":{}}],"line":111},"6":{"loc":{"start":{"line":164,"column":2},"end":{"line":164,"column":14}},"type":"default-arg","locations":[{"start":{"line":164,"column":12},"end":{"line":164,"column":14}}],"line":164},"7":{"loc":{"start":{"line":166,"column":2},"end":{"line":166,"column":13}},"type":"default-arg","locations":[{"start":{"line":166,"column":11},"end":{"line":166,"column":13}}],"line":166},"8":{"loc":{"start":{"line":204,"column":2},"end":{"line":204,"column":12}},"type":"default-arg","locations":[{"start":{"line":204,"column":10},"end":{"line":204,"column":12}}],"line":204},"9":{"loc":{"start":{"line":205,"column":2},"end":{"line":205,"column":12}},"type":"default-arg","locations":[{"start":{"line":205,"column":10},"end":{"line":205,"column":12}}],"line":205},"10":{"loc":{"start":{"line":206,"column":2},"end":{"line":206,"column":15}},"type":"default-arg","locations":[{"start":{"line":206,"column":13},"end":{"line":206,"column":15}}],"line":206},"11":{"loc":{"start":{"line":215,"column":21},"end":{"line":215,"column":null}},"type":"cond-expr","locations":[{"start":{"line":215,"column":35},"end":{"line":215,"column":58}},{"start":{"line":215,"column":58},"end":{"line":215,"column":null}}],"line":215},"12":{"loc":{"start":{"line":269,"column":2},"end":{"line":269,"column":null}},"type":"if","locations":[{"start":{"line":269,"column":2},"end":{"line":269,"column":null}},{"start":{},"end":{}}],"line":269},"13":{"loc":{"start":{"line":269,"column":6},"end":{"line":269,"column":68}},"type":"binary-expr","locations":[{"start":{"line":269,"column":6},"end":{"line":269,"column":23}},{"start":{"line":269,"column":23},"end":{"line":269,"column":56}},{"start":{"line":269,"column":56},"end":{"line":269,"column":68}}],"line":269},"14":{"loc":{"start":{"line":293,"column":2},"end":{"line":293,"column":null}},"type":"if","locations":[{"start":{"line":293,"column":2},"end":{"line":293,"column":null}},{"start":{},"end":{}}],"line":293},"15":{"loc":{"start":{"line":293,"column":6},"end":{"line":293,"column":46}},"type":"binary-expr","locations":[{"start":{"line":293,"column":6},"end":{"line":293,"column":21}},{"start":{"line":293,"column":21},"end":{"line":293,"column":46}}],"line":293},"16":{"loc":{"start":{"line":301,"column":56},"end":{"line":301,"column":73}},"type":"cond-expr","locations":[{"start":{"line":301,"column":66},"end":{"line":301,"column":70}},{"start":{"line":301,"column":70},"end":{"line":301,"column":73}}],"line":301},"17":{"loc":{"start":{"line":301,"column":79},"end":{"line":301,"column":153}},"type":"cond-expr","locations":[{"start":{"line":301,"column":89},"end":{"line":301,"column":101}},{"start":{"line":301,"column":101},"end":{"line":301,"column":153}}],"line":301},"18":{"loc":{"start":{"line":301,"column":101},"end":{"line":301,"column":153}},"type":"cond-expr","locations":[{"start":{"line":301,"column":132},"end":{"line":301,"column":144}},{"start":{"line":301,"column":144},"end":{"line":301,"column":153}}],"line":301},"19":{"loc":{"start":{"line":325,"column":2},"end":{"line":325,"column":null}},"type":"if","locations":[{"start":{"line":325,"column":2},"end":{"line":325,"column":null}},{"start":{},"end":{}}],"line":325},"20":{"loc":{"start":{"line":325,"column":6},"end":{"line":325,"column":35}},"type":"binary-expr","locations":[{"start":{"line":325,"column":6},"end":{"line":325,"column":23}},{"start":{"line":325,"column":23},"end":{"line":325,"column":35}}],"line":325},"21":{"loc":{"start":{"line":357,"column":2},"end":{"line":365,"column":null}},"type":"if","locations":[{"start":{"line":357,"column":2},"end":{"line":365,"column":null}},{"start":{},"end":{}}],"line":357},"22":{"loc":{"start":{"line":395,"column":31},"end":{"line":397,"column":null}},"type":"cond-expr","locations":[{"start":{"line":395,"column":31},"end":{"line":396,"column":72}},{"start":{"line":397,"column":6},"end":{"line":397,"column":null}}],"line":395},"23":{"loc":{"start":{"line":401,"column":4},"end":{"line":401,"column":null}},"type":"if","locations":[{"start":{"line":401,"column":4},"end":{"line":401,"column":null}},{"start":{},"end":{}}],"line":401},"24":{"loc":{"start":{"line":410,"column":4},"end":{"line":410,"column":null}},"type":"if","locations":[{"start":{"line":410,"column":4},"end":{"line":410,"column":null}},{"start":{},"end":{}}],"line":410},"25":{"loc":{"start":{"line":412,"column":4},"end":{"line":412,"column":null}},"type":"if","locations":[{"start":{"line":412,"column":4},"end":{"line":412,"column":null}},{"start":{},"end":{}}],"line":412},"26":{"loc":{"start":{"line":417,"column":4},"end":{"line":417,"column":null}},"type":"if","locations":[{"start":{"line":417,"column":4},"end":{"line":417,"column":null}},{"start":{},"end":{}}],"line":417}},"s":{"0":1091,"1":12908,"2":15,"3":0,"4":15,"5":15,"6":0,"7":15,"8":5,"9":10,"10":8,"11":2,"12":2,"13":1,"14":3264,"15":3264,"16":136,"17":136,"18":3,"19":24,"20":133,"21":1064,"22":136,"23":136,"24":393,"25":133,"26":1196,"27":133,"28":1196,"29":133,"30":798,"31":136,"32":136,"33":3990,"34":3990,"35":9,"36":6,"37":136,"38":136,"39":136,"40":90,"41":46,"42":136,"43":121,"44":15,"45":43,"46":58,"47":136,"48":136,"49":90,"50":46,"51":136,"52":136,"53":15,"54":121,"55":136,"56":52,"57":136,"58":136,"59":136,"60":136,"61":46,"62":46,"63":0,"64":46,"65":46,"66":136,"67":47,"68":1,"69":46,"70":46,"71":46,"72":136,"73":38,"74":38,"75":0,"76":38,"77":38,"78":38,"79":136},"f":{"0":1091,"1":12908,"2":15,"3":3264,"4":136,"5":136,"6":24,"7":1064,"8":136,"9":136,"10":393,"11":133,"12":1196,"13":1196,"14":798,"15":136,"16":136,"17":3990,"18":9,"19":6,"20":136,"21":136,"22":136,"23":136,"24":43,"25":58,"26":136,"27":136,"28":136,"29":136,"30":136,"31":52,"32":46,"33":47,"34":38,"35":38},"b":{"0":[0,15],"1":[0,15],"2":[5,10],"3":[8,2],"4":[1,1],"5":[3,133],"6":[136],"7":[136],"8":[136],"9":[136],"10":[136],"11":[1330,2660],"12":[90,46],"13":[136,46,46],"14":[121,15],"15":[136,15],"16":[15,43],"17":[15,43],"18":[15,28],"19":[90,46],"20":[136,46],"21":[15,121],"22":[46,90],"23":[0,46],"24":[1,46],"25":[46,0],"26":[0,38]},"meta":{"lastBranch":27,"lastFunction":36,"lastStatement":80,"seen":{"f:15:9:15:28":0,"s:16:2:16:Infinity":0,"f:16:16:16:21":1,"s:16:27:16:43":1,"f:19:9:19:26":2,"b:20:2:20:Infinity:undefined:undefined:undefined:undefined":0,"s:20:2:20:Infinity":2,"s:20:21:20:Infinity":3,"s:21:15:21:Infinity":4,"b:22:2:22:Infinity:undefined:undefined:undefined:undefined":1,"s:22:2:22:Infinity":5,"s:22:18:22:Infinity":6,"b:23:2:23:Infinity:undefined:undefined:undefined:undefined":2,"s:23:2:23:Infinity":7,"s:23:19:23:Infinity":8,"b:24:2:24:Infinity:undefined:undefined:undefined:undefined":3,"s:24:2:24:Infinity":9,"s:24:18:24:Infinity":10,"b:25:2:25:Infinity:undefined:undefined:undefined:undefined":4,"s:25:2:25:Infinity":11,"s:25:18:25:Infinity":12,"s:26:2:26:Infinity":13,"f:30:9:30:22":3,"s:31:12:31:Infinity":14,"s:32:2:32:Infinity":15,"f:37:9:37:22":4,"s:38:2:104:Infinity":16,"f:110:9:110:20":5,"b:111:2:124:Infinity:undefined:undefined:undefined:undefined":5,"s:111:2:124:Infinity":17,"s:112:4:124:Infinity":18,"f:115:34:115:38":6,"s:116:10:122:Infinity":19,"s:127:2:139:Infinity":20,"f:130:32:130:36":7,"s:131:8:137:Infinity":21,"f:143:9:143:22":8,"s:144:2:159:Infinity":22,"f:163:9:163:22":9,"b:164:12:164:14":6,"b:166:11:166:13":7,"s:172:2:190:Infinity":23,"f:174:15:174:20":10,"s:175:8:175:Infinity":24,"f:177:20:177:25":11,"s:178:19:178:Infinity":25,"f:178:42:178:50":12,"s:178:59:178:68":26,"s:179:19:179:Infinity":27,"f:179:42:179:50":13,"s:179:59:179:68":28,"s:180:8:184:Infinity":29,"f:187:14:187:19":14,"s:188:8:188:Infinity":30,"f:194:9:194:20":15,"s:195:2:199:Infinity":31,"f:203:9:203:23":16,"b:204:10:204:12":8,"b:205:10:205:12":9,"b:206:13:206:15":10,"s:212:2:229:Infinity":32,"f:214:13:214:18":17,"s:215:21:215:Infinity":33,"b:215:35:215:58:215:58:215:Infinity":11,"s:216:8:220:Infinity":34,"f:223:13:223:18":18,"s:224:8:224:Infinity":35,"f:226:16:226:21":19,"s:227:8:227:Infinity":36,"f:233:9:233:21":20,"s:234:2:239:Infinity":37,"f:243:9:243:18":21,"s:244:2:254:Infinity":38,"f:258:9:258:26":22,"b:269:2:269:Infinity:undefined:undefined:undefined:undefined":12,"s:269:2:269:Infinity":39,"b:269:6:269:23:269:23:269:56:269:56:269:68":13,"s:269:68:269:Infinity":40,"s:270:2:279:Infinity":41,"f:284:9:284:25":23,"b:293:2:293:Infinity:undefined:undefined:undefined:undefined":14,"s:293:2:293:Infinity":42,"b:293:6:293:21:293:21:293:46":15,"s:293:46:293:Infinity":43,"s:294:2:303:Infinity":44,"f:297:32:297:37":24,"s:298:8:298:Infinity":45,"f:300:19:300:24":25,"s:301:8:301:Infinity":46,"b:301:66:301:70:301:70:301:73":16,"b:301:89:301:101:301:101:301:153":17,"b:301:132:301:144:301:144:301:153":18,"f:307:9:307:19":26,"s:308:2:312:Infinity":47,"f:316:9:316:28":27,"b:325:2:325:Infinity:undefined:undefined:undefined:undefined":19,"s:325:2:325:Infinity":48,"b:325:6:325:23:325:23:325:35":20,"s:325:35:325:Infinity":49,"s:326:2:329:Infinity":50,"f:334:9:334:23":28,"s:335:2:337:Infinity":51,"f:344:9:344:17":29,"b:357:2:365:Infinity:undefined:undefined:undefined:undefined":21,"s:357:2:365:Infinity":52,"s:358:4:365:Infinity":53,"s:370:2:384:Infinity":54,"f:390:16:390:25":30,"s:391:20:391:73":55,"f:391:36:391:51":31,"s:391:36:391:72":56,"s:392:23:392:70":57,"s:394:8:394:105":58,"s:395:31:397:Infinity":59,"b:395:31:396:72:397:6:397:Infinity":22,"s:399:8:407:8":60,"f:399:29:399:42":32,"s:400:16:400:Infinity":61,"b:401:4:401:Infinity:undefined:undefined:undefined:undefined":23,"s:401:4:401:Infinity":62,"s:401:14:401:Infinity":63,"s:402:17:402:44":64,"s:403:4:406:Infinity":65,"s:409:8:413:48":66,"f:409:22:409:35":33,"b:410:4:410:Infinity:undefined:undefined:undefined:undefined":24,"s:410:4:410:Infinity":67,"s:410:30:410:Infinity":68,"s:411:19:411:40":69,"b:412:4:412:Infinity:undefined:undefined:undefined:undefined":25,"s:412:4:412:Infinity":70,"s:412:16:412:Infinity":71,"s:415:8:420:20":72,"f:415:28:415:41":34,"s:416:4:416:Infinity":73,"b:417:4:417:Infinity:undefined:undefined:undefined:undefined":26,"s:417:4:417:Infinity":74,"s:417:23:417:Infinity":75,"s:418:4:418:Infinity":76,"f:418:4:418:18":35,"s:418:18:418:56":77,"s:419:4:419:Infinity":78,"s:422:2:440:Infinity":79}}}
,"/Users/967506/personalWorkspace/range-plus/src/data/holeSelection.ts": {"path":"/Users/967506/personalWorkspace/range-plus/src/data/holeSelection.ts","statementMap":{"0":{"start":{"line":8,"column":21},"end":{"line":8,"column":null}},"1":{"start":{"line":8,"column":50},"end":{"line":8,"column":64}},"2":{"start":{"line":9,"column":17},"end":{"line":9,"column":null}},"3":{"start":{"line":10,"column":2},"end":{"line":10,"column":null}}},"fnMap":{"0":{"name":"getRandomHole","decl":{"start":{"line":4,"column":16},"end":{"line":4,"column":null}},"loc":{"start":{"line":7,"column":18},"end":{"line":10,"column":null}},"line":7},"1":{"name":"(anonymous_1)","decl":{"start":{"line":8,"column":36},"end":{"line":8,"column":44}},"loc":{"start":{"line":8,"column":50},"end":{"line":8,"column":64}},"line":8}},"branchMap":{"0":{"loc":{"start":{"line":6,"column":2},"end":{"line":6,"column":null}},"type":"default-arg","locations":[{"start":{"line":6,"column":36},"end":{"line":6,"column":null}}],"line":6},"1":{"loc":{"start":{"line":8,"column":21},"end":{"line":8,"column":null}},"type":"cond-expr","locations":[{"start":{"line":8,"column":31},"end":{"line":8,"column":64}},{"start":{"line":8,"column":67},"end":{"line":8,"column":null}}],"line":8},"2":{"loc":{"start":{"line":9,"column":17},"end":{"line":9,"column":null}},"type":"cond-expr","locations":[{"start":{"line":9,"column":41},"end":{"line":9,"column":54}},{"start":{"line":9,"column":54},"end":{"line":9,"column":null}}],"line":9}},"s":{"0":77,"1":379,"2":77,"3":77},"f":{"0":77,"1":379},"b":{"0":[77],"1":[22,55],"2":[76,1]},"meta":{"lastBranch":3,"lastFunction":2,"lastStatement":4,"seen":{"f:4:16:4:Infinity":0,"b:6:36:6:Infinity":0,"s:8:21:8:Infinity":0,"b:8:31:8:64:8:67:8:Infinity":1,"f:8:36:8:44":1,"s:8:50:8:64":1,"s:9:17:9:Infinity":2,"b:9:41:9:54:9:54:9:Infinity":2,"s:10:2:10:Infinity":3}}}
,"/Users/967506/personalWorkspace/range-plus/src/data/holes.ts": {"path":"/Users/967506/personalWorkspace/range-plus/src/data/holes.ts","statementMap":{},"fnMap":{},"branchMap":{},"s":{},"f":{},"b":{},"meta":{"lastBranch":0,"lastFunction":0,"lastStatement":0,"seen":{}}}
,"/Users/967506/personalWorkspace/range-plus/src/data/courses/index.ts": {"path":"/Users/967506/personalWorkspace/range-plus/src/data/courses/index.ts","statementMap":{"0":{"start":{"line":6,"column":47},"end":{"line":6,"column":60}},"1":{"start":{"line":8,"column":43},"end":{"line":8,"column":78}},"2":{"start":{"line":8,"column":70},"end":{"line":8,"column":78}}},"fnMap":{"0":{"name":"(anonymous_0)","decl":{"start":{"line":8,"column":55},"end":{"line":8,"column":64}},"loc":{"start":{"line":8,"column":70},"end":{"line":8,"column":78}},"line":8}},"branchMap":{},"s":{"0":3,"1":3,"2":3},"f":{"0":3},"b":{},"meta":{"lastBranch":0,"lastFunction":1,"lastStatement":3,"seen":{"s:6:47:6:60":0,"s:8:43:8:78":1,"f:8:55:8:64":0,"s:8:70:8:78":2}}}
,"/Users/967506/personalWorkspace/range-plus/src/domain/constants.ts": {"path":"/Users/967506/personalWorkspace/range-plus/src/domain/constants.ts","statementMap":{"0":{"start":{"line":2,"column":37},"end":{"line":2,"column":null}},"1":{"start":{"line":5,"column":34},"end":{"line":5,"column":null}},"2":{"start":{"line":8,"column":34},"end":{"line":8,"column":null}},"3":{"start":{"line":11,"column":35},"end":{"line":11,"column":null}},"4":{"start":{"line":14,"column":43},"end":{"line":14,"column":null}},"5":{"start":{"line":17,"column":37},"end":{"line":17,"column":null}}},"fnMap":{},"branchMap":{},"s":{"0":4,"1":4,"2":4,"3":4,"4":4,"5":4},"f":{},"b":{},"meta":{"lastBranch":0,"lastFunction":0,"lastStatement":6,"seen":{"s:2:37:2:Infinity":0,"s:5:34:5:Infinity":1,"s:8:34:8:Infinity":2,"s:11:35:11:Infinity":3,"s:14:43:14:Infinity":4,"s:17:37:17:Infinity":5}}}
,"/Users/967506/personalWorkspace/range-plus/src/domain/game.ts": {"path":"/Users/967506/personalWorkspace/range-plus/src/domain/game.ts","statementMap":{"0":{"start":{"line":10,"column":24},"end":{"line":10,"column":78}},"1":{"start":{"line":11,"column":19},"end":{"line":13,"column":null}},"2":{"start":{"line":15,"column":2},"end":{"line":15,"column":null}},"3":{"start":{"line":15,"column":22},"end":{"line":15,"column":null}},"4":{"start":{"line":16,"column":16},"end":{"line":16,"column":null}},"5":{"start":{"line":17,"column":2},"end":{"line":17,"column":null}},"6":{"start":{"line":21,"column":21},"end":{"line":21,"column":null}},"7":{"start":{"line":22,"column":15},"end":{"line":22,"column":null}},"8":{"start":{"line":23,"column":2},"end":{"line":29,"column":null}},"9":{"start":{"line":23,"column":15},"end":{"line":23,"column":18}},"10":{"start":{"line":23,"column":22},"end":{"line":23,"column":41}},"11":{"start":{"line":24,"column":15},"end":{"line":24,"column":28}},"12":{"start":{"line":24,"column":33},"end":{"line":24,"column":null}},"13":{"start":{"line":25,"column":15},"end":{"line":25,"column":28}},"14":{"start":{"line":25,"column":33},"end":{"line":25,"column":null}},"15":{"start":{"line":27,"column":6},"end":{"line":28,"column":null}},"16":{"start":{"line":29,"column":4},"end":{"line":29,"column":null}},"17":{"start":{"line":29,"column":19},"end":{"line":29,"column":null}},"18":{"start":{"line":31,"column":2},"end":{"line":31,"column":null}},"19":{"start":{"line":35,"column":2},"end":{"line":35,"column":null}},"20":{"start":{"line":35,"column":21},"end":{"line":35,"column":null}},"21":{"start":{"line":36,"column":15},"end":{"line":36,"column":null}},"22":{"start":{"line":37,"column":2},"end":{"line":37,"column":null}},"23":{"start":{"line":37,"column":18},"end":{"line":37,"column":null}},"24":{"start":{"line":38,"column":2},"end":{"line":38,"column":null}},"25":{"start":{"line":38,"column":19},"end":{"line":38,"column":null}},"26":{"start":{"line":39,"column":2},"end":{"line":39,"column":null}},"27":{"start":{"line":39,"column":18},"end":{"line":39,"column":null}},"28":{"start":{"line":40,"column":2},"end":{"line":40,"column":null}},"29":{"start":{"line":40,"column":18},"end":{"line":40,"column":null}},"30":{"start":{"line":41,"column":2},"end":{"line":41,"column":null}},"31":{"start":{"line":41,"column":18},"end":{"line":41,"column":null}},"32":{"start":{"line":42,"column":2},"end":{"line":42,"column":null}},"33":{"start":{"line":42,"column":18},"end":{"line":42,"column":null}},"34":{"start":{"line":43,"column":2},"end":{"line":43,"column":null}},"35":{"start":{"line":47,"column":14},"end":{"line":47,"column":66}},"36":{"start":{"line":48,"column":28},"end":{"line":48,"column":57}},"37":{"start":{"line":49,"column":2},"end":{"line":57,"column":null}},"38":{"start":{"line":61,"column":2},"end":{"line":61,"column":null}},"39":{"start":{"line":61,"column":24},"end":{"line":61,"column":null}},"40":{"start":{"line":63,"column":18},"end":{"line":63,"column":68}},"41":{"start":{"line":65,"column":2},"end":{"line":73,"column":null}},"42":{"start":{"line":66,"column":4},"end":{"line":73,"column":null}},"43":{"start":{"line":77,"column":2},"end":{"line":85,"column":null}},"44":{"start":{"line":78,"column":4},"end":{"line":85,"column":null}},"45":{"start":{"line":79,"column":6},"end":{"line":85,"column":null}},"46":{"start":{"line":89,"column":2},"end":{"line":95,"column":null}}},"fnMap":{"0":{"name":"calculateDistanceYards","decl":{"start":{"line":5,"column":16},"end":{"line":5,"column":null}},"loc":{"start":{"line":9,"column":10},"end":{"line":17,"column":null}},"line":9},"1":{"name":"isPointInPolygon","decl":{"start":{"line":20,"column":16},"end":{"line":20,"column":33}},"loc":{"start":{"line":20,"column":74},"end":{"line":31,"column":null}},"line":20},"2":{"name":"getScoreLabel","decl":{"start":{"line":34,"column":16},"end":{"line":34,"column":30}},"loc":{"start":{"line":34,"column":68},"end":{"line":43,"column":null}},"line":34},"3":{"name":"createGameState","decl":{"start":{"line":46,"column":16},"end":{"line":46,"column":32}},"loc":{"start":{"line":46,"column":65},"end":{"line":57,"column":null}},"line":46},"4":{"name":"placeShot","decl":{"start":{"line":60,"column":16},"end":{"line":60,"column":26}},"loc":{"start":{"line":60,"column":70},"end":{"line":95,"column":null}},"line":60}},"branchMap":{"0":{"loc":{"start":{"line":15,"column":2},"end":{"line":15,"column":null}},"type":"if","locations":[{"start":{"line":15,"column":2},"end":{"line":15,"column":null}},{"start":{},"end":{}}],"line":15},"1":{"loc":{"start":{"line":27,"column":6},"end":{"line":28,"column":null}},"type":"binary-expr","locations":[{"start":{"line":27,"column":6},"end":{"line":27,"column":null}},{"start":{"line":28,"column":6},"end":{"line":28,"column":null}}],"line":27},"2":{"loc":{"start":{"line":29,"column":4},"end":{"line":29,"column":null}},"type":"if","locations":[{"start":{"line":29,"column":4},"end":{"line":29,"column":null}},{"start":{},"end":{}}],"line":29},"3":{"loc":{"start":{"line":35,"column":2},"end":{"line":35,"column":null}},"type":"if","locations":[{"start":{"line":35,"column":2},"end":{"line":35,"column":null}},{"start":{},"end":{}}],"line":35},"4":{"loc":{"start":{"line":37,"column":2},"end":{"line":37,"column":null}},"type":"if","locations":[{"start":{"line":37,"column":2},"end":{"line":37,"column":null}},{"start":{},"end":{}}],"line":37},"5":{"loc":{"start":{"line":38,"column":2},"end":{"line":38,"column":null}},"type":"if","locations":[{"start":{"line":38,"column":2},"end":{"line":38,"column":null}},{"start":{},"end":{}}],"line":38},"6":{"loc":{"start":{"line":39,"column":2},"end":{"line":39,"column":null}},"type":"if","locations":[{"start":{"line":39,"column":2},"end":{"line":39,"column":null}},{"start":{},"end":{}}],"line":39},"7":{"loc":{"start":{"line":40,"column":2},"end":{"line":40,"column":null}},"type":"if","locations":[{"start":{"line":40,"column":2},"end":{"line":40,"column":null}},{"start":{},"end":{}}],"line":40},"8":{"loc":{"start":{"line":41,"column":2},"end":{"line":41,"column":null}},"type":"if","locations":[{"start":{"line":41,"column":2},"end":{"line":41,"column":null}},{"start":{},"end":{}}],"line":41},"9":{"loc":{"start":{"line":42,"column":2},"end":{"line":42,"column":null}},"type":"if","locations":[{"start":{"line":42,"column":2},"end":{"line":42,"column":null}},{"start":{},"end":{}}],"line":42},"10":{"loc":{"start":{"line":61,"column":2},"end":{"line":61,"column":null}},"type":"if","locations":[{"start":{"line":61,"column":2},"end":{"line":61,"column":null}},{"start":{},"end":{}}],"line":61},"11":{"loc":{"start":{"line":65,"column":2},"end":{"line":73,"column":null}},"type":"if","locations":[{"start":{"line":65,"column":2},"end":{"line":73,"column":null}},{"start":{},"end":{}}],"line":65},"12":{"loc":{"start":{"line":78,"column":4},"end":{"line":85,"column":null}},"type":"if","locations":[{"start":{"line":78,"column":4},"end":{"line":85,"column":null}},{"start":{},"end":{}}],"line":78}},"s":{"0":190,"1":190,"2":190,"3":1,"4":189,"5":189,"6":376,"7":376,"8":376,"9":376,"10":376,"11":6458,"12":6458,"13":6458,"14":6458,"15":6458,"16":6458,"17":320,"18":376,"19":23,"20":1,"21":22,"22":22,"23":1,"24":21,"25":6,"26":15,"27":9,"28":6,"29":2,"30":4,"31":4,"32":2,"33":2,"34":1,"35":74,"36":74,"37":74,"38":59,"39":1,"40":58,"41":58,"42":22,"43":36,"44":27,"45":4,"46":32},"f":{"0":190,"1":376,"2":23,"3":74,"4":59},"b":{"0":[1,189],"1":[6458,640],"2":[320,6138],"3":[1,22],"4":[1,21],"5":[6,15],"6":[9,6],"7":[2,4],"8":[2,2],"9":[1,1],"10":[1,58],"11":[22,36],"12":[4,23]},"meta":{"lastBranch":13,"lastFunction":5,"lastStatement":47,"seen":{"f:5:16:5:Infinity":0,"s:10:24:10:78":0,"s:11:19:13:Infinity":1,"b:15:2:15:Infinity:undefined:undefined:undefined:undefined":0,"s:15:2:15:Infinity":2,"s:15:22:15:Infinity":3,"s:16:16:16:Infinity":4,"s:17:2:17:Infinity":5,"f:20:16:20:33":1,"s:21:21:21:Infinity":6,"s:22:15:22:Infinity":7,"s:23:2:29:Infinity":8,"s:23:15:23:18":9,"s:23:22:23:41":10,"s:24:15:24:28":11,"s:24:33:24:Infinity":12,"s:25:15:25:28":13,"s:25:33:25:Infinity":14,"s:27:6:28:Infinity":15,"b:27:6:27:Infinity:28:6:28:Infinity":1,"b:29:4:29:Infinity:undefined:undefined:undefined:undefined":2,"s:29:4:29:Infinity":16,"s:29:19:29:Infinity":17,"s:31:2:31:Infinity":18,"f:34:16:34:30":2,"b:35:2:35:Infinity:undefined:undefined:undefined:undefined":3,"s:35:2:35:Infinity":19,"s:35:21:35:Infinity":20,"s:36:15:36:Infinity":21,"b:37:2:37:Infinity:undefined:undefined:undefined:undefined":4,"s:37:2:37:Infinity":22,"s:37:18:37:Infinity":23,"b:38:2:38:Infinity:undefined:undefined:undefined:undefined":5,"s:38:2:38:Infinity":24,"s:38:19:38:Infinity":25,"b:39:2:39:Infinity:undefined:undefined:undefined:undefined":6,"s:39:2:39:Infinity":26,"s:39:18:39:Infinity":27,"b:40:2:40:Infinity:undefined:undefined:undefined:undefined":7,"s:40:2:40:Infinity":28,"s:40:18:40:Infinity":29,"b:41:2:41:Infinity:undefined:undefined:undefined:undefined":8,"s:41:2:41:Infinity":30,"s:41:18:41:Infinity":31,"b:42:2:42:Infinity:undefined:undefined:undefined:undefined":9,"s:42:2:42:Infinity":32,"s:42:18:42:Infinity":33,"s:43:2:43:Infinity":34,"f:46:16:46:32":3,"s:47:14:47:66":35,"s:48:28:48:57":36,"s:49:2:57:Infinity":37,"f:60:16:60:26":4,"b:61:2:61:Infinity:undefined:undefined:undefined:undefined":10,"s:61:2:61:Infinity":38,"s:61:24:61:Infinity":39,"s:63:18:63:68":40,"b:65:2:73:Infinity:undefined:undefined:undefined:undefined":11,"s:65:2:73:Infinity":41,"s:66:4:73:Infinity":42,"s:77:2:85:Infinity":43,"b:78:4:85:Infinity:undefined:undefined:undefined:undefined":12,"s:78:4:85:Infinity":44,"s:79:6:85:Infinity":45,"s:89:2:95:Infinity":46}}}
,"/Users/967506/personalWorkspace/range-plus/src/domain/types.ts": {"path":"/Users/967506/personalWorkspace/range-plus/src/domain/types.ts","statementMap":{},"fnMap":{},"branchMap":{},"s":{},"f":{},"b":{},"meta":{"lastBranch":0,"lastFunction":0,"lastStatement":0,"seen":{}}}
}
